2023-09-26 00:03:01 INFO  SpringContextShutdownHook com.alibaba.druid.pool.DruidDataSource {dataSource-1} closing ...
2023-09-26 00:03:01 INFO  SpringContextShutdownHook com.alibaba.druid.pool.DruidDataSource {dataSource-1} closed
2023-09-26 00:03:12 INFO  main kf.lucky.main.Main Starting Main using Java 1.8.0_121 on Firstsnow with PID 23576 (K:\.Firstsnow\apache-maven-3.9.1\AProject\kf-lucky\target\classes started by ZH280 in K:\.Firstsnow\apache-maven-3.9.1\AProject\kf-lucky)
2023-09-26 00:03:12 INFO  main kf.lucky.main.Main The following profiles are active: dev
2023-09-26 00:03:12 INFO  background-preinit org.hibernate.validator.internal.util.Version HV000001: Hibernate Validator 6.1.7.Final
2023-09-26 00:03:13 INFO  main org.springframework.data.repository.config.RepositoryConfigurationDelegate Bootstrapping Spring Data JDBC repositories in DEFAULT mode.
2023-09-26 00:03:13 INFO  main org.springframework.data.repository.config.RepositoryConfigurationDelegate Finished Spring Data repository scanning in 14 ms. Found 0 JDBC repository interfaces.
2023-09-26 00:03:14 INFO  main org.springframework.boot.web.embedded.tomcat.TomcatWebServer Tomcat initialized with port(s): 8011 (http)
2023-09-26 00:03:14 INFO  main org.apache.coyote.http11.Http11NioProtocol Initializing ProtocolHandler ["http-nio-8011"]
2023-09-26 00:03:14 INFO  main org.apache.catalina.core.StandardService Starting service [Tomcat]
2023-09-26 00:03:14 INFO  main org.apache.catalina.core.StandardEngine Starting Servlet engine: [Apache Tomcat/9.0.55]
2023-09-26 00:03:14 INFO  main org.apache.catalina.core.AprLifecycleListener An older version [1.2.26] of the Apache Tomcat Native library is installed, while Tomcat recommends a minimum version of [1.2.30]
2023-09-26 00:03:14 INFO  main org.apache.catalina.core.AprLifecycleListener Loaded Apache Tomcat Native library [1.2.26] using APR version [1.7.0].
2023-09-26 00:03:14 INFO  main org.apache.catalina.core.AprLifecycleListener APR capabilities: IPv6 [true], sendfile [true], accept filters [false], random [true], UDS [true].
2023-09-26 00:03:14 INFO  main org.apache.catalina.core.AprLifecycleListener APR/OpenSSL configuration: useAprConnector [false], useOpenSSL [true]
2023-09-26 00:03:14 INFO  main org.apache.catalina.core.AprLifecycleListener OpenSSL successfully initialized [OpenSSL 1.1.1i  8 Dec 2020]
2023-09-26 00:03:14 INFO  main org.apache.catalina.core.ContainerBase.[Tomcat].[localhost].[/] Initializing Spring embedded WebApplicationContext
2023-09-26 00:03:14 INFO  main org.springframework.boot.web.servlet.context.ServletWebServerApplicationContext Root WebApplicationContext: initialization completed in 1271 ms
2023-09-26 00:03:14 INFO  main com.alibaba.druid.spring.boot.autoconfigure.DruidDataSourceAutoConfigure Init DruidDataSource
2023-09-26 00:03:14 INFO  main com.alibaba.druid.pool.DruidDataSource {dataSource-1} inited
2023-09-26 00:03:15 INFO  main org.springframework.boot.autoconfigure.web.servlet.WelcomePageHandlerMapping Adding welcome page: class path resource [static/index.html]
2023-09-26 00:03:16 INFO  main org.apache.coyote.http11.Http11NioProtocol Starting ProtocolHandler ["http-nio-8011"]
2023-09-26 00:03:16 INFO  main org.springframework.boot.web.embedded.tomcat.TomcatWebServer Tomcat started on port(s): 8011 (http) with context path ''
2023-09-26 00:03:16 INFO  main kf.lucky.main.Main Started Main in 4.497 seconds (JVM running for 5.399)
2023-09-26 00:03:27 INFO  http-nio-8011-exec-1 org.apache.catalina.core.ContainerBase.[Tomcat].[localhost].[/] Initializing Spring DispatcherServlet 'dispatcherServlet'
2023-09-26 00:03:27 INFO  http-nio-8011-exec-1 org.springframework.web.servlet.DispatcherServlet Initializing Servlet 'dispatcherServlet'
2023-09-26 00:03:27 INFO  http-nio-8011-exec-1 org.springframework.web.servlet.DispatcherServlet Completed initialization in 1 ms
2023-09-26 00:05:18 INFO  SpringContextShutdownHook com.alibaba.druid.pool.DruidDataSource {dataSource-1} closing ...
2023-09-26 00:05:18 INFO  SpringContextShutdownHook com.alibaba.druid.pool.DruidDataSource {dataSource-1} closed
2023-09-26 00:05:24 INFO  background-preinit org.hibernate.validator.internal.util.Version HV000001: Hibernate Validator 6.1.7.Final
2023-09-26 00:05:24 INFO  main kf.lucky.main.Main Starting Main using Java 1.8.0_121 on Firstsnow with PID 12836 (K:\.Firstsnow\apache-maven-3.9.1\AProject\kf-lucky\target\classes started by ZH280 in K:\.Firstsnow\apache-maven-3.9.1\AProject\kf-lucky)
2023-09-26 00:05:24 INFO  main kf.lucky.main.Main The following profiles are active: dev
2023-09-26 00:05:24 INFO  main org.springframework.data.repository.config.RepositoryConfigurationDelegate Bootstrapping Spring Data JDBC repositories in DEFAULT mode.
2023-09-26 00:05:24 INFO  main org.springframework.data.repository.config.RepositoryConfigurationDelegate Finished Spring Data repository scanning in 8 ms. Found 0 JDBC repository interfaces.
2023-09-26 00:05:25 INFO  main org.springframework.boot.web.embedded.tomcat.TomcatWebServer Tomcat initialized with port(s): 8011 (http)
2023-09-26 00:05:25 INFO  main org.apache.coyote.http11.Http11NioProtocol Initializing ProtocolHandler ["http-nio-8011"]
2023-09-26 00:05:25 INFO  main org.apache.catalina.core.StandardService Starting service [Tomcat]
2023-09-26 00:05:25 INFO  main org.apache.catalina.core.StandardEngine Starting Servlet engine: [Apache Tomcat/9.0.55]
2023-09-26 00:05:25 INFO  main org.apache.catalina.core.AprLifecycleListener An older version [1.2.26] of the Apache Tomcat Native library is installed, while Tomcat recommends a minimum version of [1.2.30]
2023-09-26 00:05:25 INFO  main org.apache.catalina.core.AprLifecycleListener Loaded Apache Tomcat Native library [1.2.26] using APR version [1.7.0].
2023-09-26 00:05:25 INFO  main org.apache.catalina.core.AprLifecycleListener APR capabilities: IPv6 [true], sendfile [true], accept filters [false], random [true], UDS [true].
2023-09-26 00:05:25 INFO  main org.apache.catalina.core.AprLifecycleListener APR/OpenSSL configuration: useAprConnector [false], useOpenSSL [true]
2023-09-26 00:05:25 INFO  main org.apache.catalina.core.AprLifecycleListener OpenSSL successfully initialized [OpenSSL 1.1.1i  8 Dec 2020]
2023-09-26 00:05:25 INFO  main org.apache.catalina.core.ContainerBase.[Tomcat].[localhost].[/] Initializing Spring embedded WebApplicationContext
2023-09-26 00:05:25 INFO  main org.springframework.boot.web.servlet.context.ServletWebServerApplicationContext Root WebApplicationContext: initialization completed in 867 ms
2023-09-26 00:05:25 INFO  main com.alibaba.druid.spring.boot.autoconfigure.DruidDataSourceAutoConfigure Init DruidDataSource
2023-09-26 00:05:25 INFO  main com.alibaba.druid.pool.DruidDataSource {dataSource-1} inited
2023-09-26 00:05:25 INFO  main org.springframework.boot.autoconfigure.web.servlet.WelcomePageHandlerMapping Adding welcome page: class path resource [static/index.html]
2023-09-26 00:05:26 INFO  main org.apache.coyote.http11.Http11NioProtocol Starting ProtocolHandler ["http-nio-8011"]
2023-09-26 00:05:26 INFO  main org.springframework.boot.web.embedded.tomcat.TomcatWebServer Tomcat started on port(s): 8011 (http) with context path ''
2023-09-26 00:05:26 INFO  main kf.lucky.main.Main Started Main in 2.133 seconds (JVM running for 3.699)
2023-09-26 00:05:30 INFO  http-nio-8011-exec-1 org.apache.catalina.core.ContainerBase.[Tomcat].[localhost].[/] Initializing Spring DispatcherServlet 'dispatcherServlet'
2023-09-26 00:05:30 INFO  http-nio-8011-exec-1 org.springframework.web.servlet.DispatcherServlet Initializing Servlet 'dispatcherServlet'
2023-09-26 00:05:30 INFO  http-nio-8011-exec-1 org.springframework.web.servlet.DispatcherServlet Completed initialization in 1 ms
2023-09-26 00:07:28 INFO  SpringContextShutdownHook com.alibaba.druid.pool.DruidDataSource {dataSource-1} closing ...
2023-09-26 00:07:28 INFO  SpringContextShutdownHook com.alibaba.druid.pool.DruidDataSource {dataSource-1} closed
2023-09-26 00:07:34 INFO  background-preinit org.hibernate.validator.internal.util.Version HV000001: Hibernate Validator 6.1.7.Final
2023-09-26 00:07:34 INFO  main kf.lucky.main.Main Starting Main using Java 1.8.0_121 on Firstsnow with PID 24472 (K:\.Firstsnow\apache-maven-3.9.1\AProject\kf-lucky\target\classes started by ZH280 in K:\.Firstsnow\apache-maven-3.9.1\AProject\kf-lucky)
2023-09-26 00:07:34 INFO  main kf.lucky.main.Main The following profiles are active: dev
2023-09-26 00:07:35 INFO  main org.springframework.data.repository.config.RepositoryConfigurationDelegate Bootstrapping Spring Data JDBC repositories in DEFAULT mode.
2023-09-26 00:07:35 INFO  main org.springframework.data.repository.config.RepositoryConfigurationDelegate Finished Spring Data repository scanning in 8 ms. Found 0 JDBC repository interfaces.
2023-09-26 00:07:35 INFO  main org.springframework.boot.web.embedded.tomcat.TomcatWebServer Tomcat initialized with port(s): 8011 (http)
2023-09-26 00:07:35 INFO  main org.apache.coyote.http11.Http11NioProtocol Initializing ProtocolHandler ["http-nio-8011"]
2023-09-26 00:07:35 INFO  main org.apache.catalina.core.StandardService Starting service [Tomcat]
2023-09-26 00:07:35 INFO  main org.apache.catalina.core.StandardEngine Starting Servlet engine: [Apache Tomcat/9.0.55]
2023-09-26 00:07:35 INFO  main org.apache.catalina.core.AprLifecycleListener An older version [1.2.26] of the Apache Tomcat Native library is installed, while Tomcat recommends a minimum version of [1.2.30]
2023-09-26 00:07:35 INFO  main org.apache.catalina.core.AprLifecycleListener Loaded Apache Tomcat Native library [1.2.26] using APR version [1.7.0].
2023-09-26 00:07:35 INFO  main org.apache.catalina.core.AprLifecycleListener APR capabilities: IPv6 [true], sendfile [true], accept filters [false], random [true], UDS [true].
2023-09-26 00:07:35 INFO  main org.apache.catalina.core.AprLifecycleListener APR/OpenSSL configuration: useAprConnector [false], useOpenSSL [true]
2023-09-26 00:07:35 INFO  main org.apache.catalina.core.AprLifecycleListener OpenSSL successfully initialized [OpenSSL 1.1.1i  8 Dec 2020]
2023-09-26 00:07:35 INFO  main org.apache.catalina.core.ContainerBase.[Tomcat].[localhost].[/] Initializing Spring embedded WebApplicationContext
2023-09-26 00:07:35 INFO  main org.springframework.boot.web.servlet.context.ServletWebServerApplicationContext Root WebApplicationContext: initialization completed in 881 ms
2023-09-26 00:07:35 INFO  main com.alibaba.druid.spring.boot.autoconfigure.DruidDataSourceAutoConfigure Init DruidDataSource
2023-09-26 00:07:35 INFO  main com.alibaba.druid.pool.DruidDataSource {dataSource-1} inited
2023-09-26 00:07:36 INFO  main org.springframework.boot.autoconfigure.web.servlet.WelcomePageHandlerMapping Adding welcome page: class path resource [static/index.html]
2023-09-26 00:07:36 INFO  main org.apache.coyote.http11.Http11NioProtocol Starting ProtocolHandler ["http-nio-8011"]
2023-09-26 00:07:36 INFO  main org.springframework.boot.web.embedded.tomcat.TomcatWebServer Tomcat started on port(s): 8011 (http) with context path ''
2023-09-26 00:07:36 INFO  main kf.lucky.main.Main Started Main in 2.142 seconds (JVM running for 2.846)
2023-09-26 00:07:40 INFO  http-nio-8011-exec-1 org.apache.catalina.core.ContainerBase.[Tomcat].[localhost].[/] Initializing Spring DispatcherServlet 'dispatcherServlet'
2023-09-26 00:07:40 INFO  http-nio-8011-exec-1 org.springframework.web.servlet.DispatcherServlet Initializing Servlet 'dispatcherServlet'
2023-09-26 00:07:40 INFO  http-nio-8011-exec-1 org.springframework.web.servlet.DispatcherServlet Completed initialization in 1 ms
2023-09-26 00:13:06 INFO  SpringContextShutdownHook com.alibaba.druid.pool.DruidDataSource {dataSource-1} closing ...
2023-09-26 00:13:06 INFO  SpringContextShutdownHook com.alibaba.druid.pool.DruidDataSource {dataSource-1} closed
2023-09-26 00:13:14 INFO  background-preinit org.hibernate.validator.internal.util.Version HV000001: Hibernate Validator 6.1.7.Final
2023-09-26 00:13:14 INFO  main kf.lucky.main.Main Starting Main using Java 1.8.0_121 on Firstsnow with PID 7656 (K:\.Firstsnow\apache-maven-3.9.1\AProject\kf-lucky\target\classes started by ZH280 in K:\.Firstsnow\apache-maven-3.9.1\AProject\kf-lucky)
2023-09-26 00:13:14 INFO  main kf.lucky.main.Main The following profiles are active: dev
2023-09-26 00:13:15 INFO  main org.springframework.data.repository.config.RepositoryConfigurationDelegate Bootstrapping Spring Data JDBC repositories in DEFAULT mode.
2023-09-26 00:13:15 INFO  main org.springframework.data.repository.config.RepositoryConfigurationDelegate Finished Spring Data repository scanning in 11 ms. Found 0 JDBC repository interfaces.
2023-09-26 00:13:15 INFO  main org.springframework.boot.web.embedded.tomcat.TomcatWebServer Tomcat initialized with port(s): 8011 (http)
2023-09-26 00:13:15 INFO  main org.apache.coyote.http11.Http11NioProtocol Initializing ProtocolHandler ["http-nio-8011"]
2023-09-26 00:13:15 INFO  main org.apache.catalina.core.StandardService Starting service [Tomcat]
2023-09-26 00:13:15 INFO  main org.apache.catalina.core.StandardEngine Starting Servlet engine: [Apache Tomcat/9.0.55]
2023-09-26 00:13:15 INFO  main org.apache.catalina.core.AprLifecycleListener An older version [1.2.26] of the Apache Tomcat Native library is installed, while Tomcat recommends a minimum version of [1.2.30]
2023-09-26 00:13:15 INFO  main org.apache.catalina.core.AprLifecycleListener Loaded Apache Tomcat Native library [1.2.26] using APR version [1.7.0].
2023-09-26 00:13:15 INFO  main org.apache.catalina.core.AprLifecycleListener APR capabilities: IPv6 [true], sendfile [true], accept filters [false], random [true], UDS [true].
2023-09-26 00:13:15 INFO  main org.apache.catalina.core.AprLifecycleListener APR/OpenSSL configuration: useAprConnector [false], useOpenSSL [true]
2023-09-26 00:13:15 INFO  main org.apache.catalina.core.AprLifecycleListener OpenSSL successfully initialized [OpenSSL 1.1.1i  8 Dec 2020]
2023-09-26 00:13:15 INFO  main org.apache.catalina.core.ContainerBase.[Tomcat].[localhost].[/] Initializing Spring embedded WebApplicationContext
2023-09-26 00:13:15 INFO  main org.springframework.boot.web.servlet.context.ServletWebServerApplicationContext Root WebApplicationContext: initialization completed in 1023 ms
2023-09-26 00:13:16 INFO  main com.alibaba.druid.spring.boot.autoconfigure.DruidDataSourceAutoConfigure Init DruidDataSource
2023-09-26 00:13:16 INFO  main com.alibaba.druid.pool.DruidDataSource {dataSource-1} inited
2023-09-26 00:13:16 INFO  main org.springframework.boot.autoconfigure.web.servlet.WelcomePageHandlerMapping Adding welcome page: class path resource [static/index.html]
2023-09-26 00:13:16 INFO  main org.apache.coyote.http11.Http11NioProtocol Starting ProtocolHandler ["http-nio-8011"]
2023-09-26 00:13:16 INFO  main org.springframework.boot.web.embedded.tomcat.TomcatWebServer Tomcat started on port(s): 8011 (http) with context path ''
2023-09-26 00:13:16 INFO  main kf.lucky.main.Main Started Main in 2.673 seconds (JVM running for 4.868)
2023-09-26 00:13:20 INFO  http-nio-8011-exec-1 org.apache.catalina.core.ContainerBase.[Tomcat].[localhost].[/] Initializing Spring DispatcherServlet 'dispatcherServlet'
2023-09-26 00:13:20 INFO  http-nio-8011-exec-1 org.springframework.web.servlet.DispatcherServlet Initializing Servlet 'dispatcherServlet'
2023-09-26 00:13:20 INFO  http-nio-8011-exec-1 org.springframework.web.servlet.DispatcherServlet Completed initialization in 0 ms
2023-09-26 00:13:37 INFO  SpringContextShutdownHook com.alibaba.druid.pool.DruidDataSource {dataSource-1} closing ...
2023-09-26 00:13:37 INFO  SpringContextShutdownHook com.alibaba.druid.pool.DruidDataSource {dataSource-1} closed
2023-09-26 00:13:43 INFO  background-preinit org.hibernate.validator.internal.util.Version HV000001: Hibernate Validator 6.1.7.Final
2023-09-26 00:13:43 INFO  main kf.lucky.main.Main Starting Main using Java 1.8.0_121 on Firstsnow with PID 14932 (K:\.Firstsnow\apache-maven-3.9.1\AProject\kf-lucky\target\classes started by ZH280 in K:\.Firstsnow\apache-maven-3.9.1\AProject\kf-lucky)
2023-09-26 00:13:43 INFO  main kf.lucky.main.Main The following profiles are active: dev
2023-09-26 00:13:44 INFO  main org.springframework.data.repository.config.RepositoryConfigurationDelegate Bootstrapping Spring Data JDBC repositories in DEFAULT mode.
2023-09-26 00:13:44 INFO  main org.springframework.data.repository.config.RepositoryConfigurationDelegate Finished Spring Data repository scanning in 8 ms. Found 0 JDBC repository interfaces.
2023-09-26 00:13:44 INFO  main org.springframework.boot.web.embedded.tomcat.TomcatWebServer Tomcat initialized with port(s): 8011 (http)
2023-09-26 00:13:44 INFO  main org.apache.coyote.http11.Http11NioProtocol Initializing ProtocolHandler ["http-nio-8011"]
2023-09-26 00:13:44 INFO  main org.apache.catalina.core.StandardService Starting service [Tomcat]
2023-09-26 00:13:44 INFO  main org.apache.catalina.core.StandardEngine Starting Servlet engine: [Apache Tomcat/9.0.55]
2023-09-26 00:13:44 INFO  main org.apache.catalina.core.AprLifecycleListener An older version [1.2.26] of the Apache Tomcat Native library is installed, while Tomcat recommends a minimum version of [1.2.30]
2023-09-26 00:13:44 INFO  main org.apache.catalina.core.AprLifecycleListener Loaded Apache Tomcat Native library [1.2.26] using APR version [1.7.0].
2023-09-26 00:13:44 INFO  main org.apache.catalina.core.AprLifecycleListener APR capabilities: IPv6 [true], sendfile [true], accept filters [false], random [true], UDS [true].
2023-09-26 00:13:44 INFO  main org.apache.catalina.core.AprLifecycleListener APR/OpenSSL configuration: useAprConnector [false], useOpenSSL [true]
2023-09-26 00:13:44 INFO  main org.apache.catalina.core.AprLifecycleListener OpenSSL successfully initialized [OpenSSL 1.1.1i  8 Dec 2020]
2023-09-26 00:13:44 INFO  main org.apache.catalina.core.ContainerBase.[Tomcat].[localhost].[/] Initializing Spring embedded WebApplicationContext
2023-09-26 00:13:44 INFO  main org.springframework.boot.web.servlet.context.ServletWebServerApplicationContext Root WebApplicationContext: initialization completed in 969 ms
2023-09-26 00:13:44 INFO  main com.alibaba.druid.spring.boot.autoconfigure.DruidDataSourceAutoConfigure Init DruidDataSource
2023-09-26 00:13:44 INFO  main com.alibaba.druid.pool.DruidDataSource {dataSource-1} inited
2023-09-26 00:13:45 INFO  main org.springframework.boot.autoconfigure.web.servlet.WelcomePageHandlerMapping Adding welcome page: class path resource [static/index.html]
2023-09-26 00:13:45 INFO  main org.apache.coyote.http11.Http11NioProtocol Starting ProtocolHandler ["http-nio-8011"]
2023-09-26 00:13:45 INFO  main org.springframework.boot.web.embedded.tomcat.TomcatWebServer Tomcat started on port(s): 8011 (http) with context path ''
2023-09-26 00:13:45 INFO  main kf.lucky.main.Main Started Main in 2.432 seconds (JVM running for 3.211)
2023-09-26 00:13:49 INFO  http-nio-8011-exec-1 org.apache.catalina.core.ContainerBase.[Tomcat].[localhost].[/] Initializing Spring DispatcherServlet 'dispatcherServlet'
2023-09-26 00:13:49 INFO  http-nio-8011-exec-1 org.springframework.web.servlet.DispatcherServlet Initializing Servlet 'dispatcherServlet'
2023-09-26 00:13:49 INFO  http-nio-8011-exec-1 org.springframework.web.servlet.DispatcherServlet Completed initialization in 0 ms
2023-09-26 00:14:34 INFO  SpringContextShutdownHook com.alibaba.druid.pool.DruidDataSource {dataSource-1} closing ...
2023-09-26 00:14:34 INFO  SpringContextShutdownHook com.alibaba.druid.pool.DruidDataSource {dataSource-1} closed
2023-09-26 00:14:40 INFO  background-preinit org.hibernate.validator.internal.util.Version HV000001: Hibernate Validator 6.1.7.Final
2023-09-26 00:14:40 INFO  main kf.lucky.main.Main Starting Main using Java 1.8.0_121 on Firstsnow with PID 13164 (K:\.Firstsnow\apache-maven-3.9.1\AProject\kf-lucky\target\classes started by ZH280 in K:\.Firstsnow\apache-maven-3.9.1\AProject\kf-lucky)
2023-09-26 00:14:40 INFO  main kf.lucky.main.Main The following profiles are active: dev
2023-09-26 00:14:40 INFO  main org.springframework.data.repository.config.RepositoryConfigurationDelegate Bootstrapping Spring Data JDBC repositories in DEFAULT mode.
2023-09-26 00:14:40 INFO  main org.springframework.data.repository.config.RepositoryConfigurationDelegate Finished Spring Data repository scanning in 7 ms. Found 0 JDBC repository interfaces.
2023-09-26 00:14:40 INFO  main org.springframework.boot.web.embedded.tomcat.TomcatWebServer Tomcat initialized with port(s): 8011 (http)
2023-09-26 00:14:40 INFO  main org.apache.coyote.http11.Http11NioProtocol Initializing ProtocolHandler ["http-nio-8011"]
2023-09-26 00:14:40 INFO  main org.apache.catalina.core.StandardService Starting service [Tomcat]
2023-09-26 00:14:40 INFO  main org.apache.catalina.core.StandardEngine Starting Servlet engine: [Apache Tomcat/9.0.55]
2023-09-26 00:14:40 INFO  main org.apache.catalina.core.AprLifecycleListener An older version [1.2.26] of the Apache Tomcat Native library is installed, while Tomcat recommends a minimum version of [1.2.30]
2023-09-26 00:14:40 INFO  main org.apache.catalina.core.AprLifecycleListener Loaded Apache Tomcat Native library [1.2.26] using APR version [1.7.0].
2023-09-26 00:14:40 INFO  main org.apache.catalina.core.AprLifecycleListener APR capabilities: IPv6 [true], sendfile [true], accept filters [false], random [true], UDS [true].
2023-09-26 00:14:40 INFO  main org.apache.catalina.core.AprLifecycleListener APR/OpenSSL configuration: useAprConnector [false], useOpenSSL [true]
2023-09-26 00:14:40 INFO  main org.apache.catalina.core.AprLifecycleListener OpenSSL successfully initialized [OpenSSL 1.1.1i  8 Dec 2020]
2023-09-26 00:14:41 INFO  main org.apache.catalina.core.ContainerBase.[Tomcat].[localhost].[/] Initializing Spring embedded WebApplicationContext
2023-09-26 00:14:41 INFO  main org.springframework.boot.web.servlet.context.ServletWebServerApplicationContext Root WebApplicationContext: initialization completed in 881 ms
2023-09-26 00:14:41 INFO  main com.alibaba.druid.spring.boot.autoconfigure.DruidDataSourceAutoConfigure Init DruidDataSource
2023-09-26 00:14:41 INFO  main com.alibaba.druid.pool.DruidDataSource {dataSource-1} inited
2023-09-26 00:14:41 INFO  main org.springframework.boot.autoconfigure.web.servlet.WelcomePageHandlerMapping Adding welcome page: class path resource [static/index.html]
2023-09-26 00:14:41 INFO  main org.apache.coyote.http11.Http11NioProtocol Starting ProtocolHandler ["http-nio-8011"]
2023-09-26 00:14:41 INFO  main org.springframework.boot.web.embedded.tomcat.TomcatWebServer Tomcat started on port(s): 8011 (http) with context path ''
2023-09-26 00:14:41 INFO  main kf.lucky.main.Main Started Main in 2.166 seconds (JVM running for 2.89)
2023-09-26 00:14:45 INFO  http-nio-8011-exec-1 org.apache.catalina.core.ContainerBase.[Tomcat].[localhost].[/] Initializing Spring DispatcherServlet 'dispatcherServlet'
2023-09-26 00:14:45 INFO  http-nio-8011-exec-1 org.springframework.web.servlet.DispatcherServlet Initializing Servlet 'dispatcherServlet'
2023-09-26 00:14:45 INFO  http-nio-8011-exec-1 org.springframework.web.servlet.DispatcherServlet Completed initialization in 1 ms
2023-09-26 00:15:36 INFO  SpringContextShutdownHook com.alibaba.druid.pool.DruidDataSource {dataSource-1} closing ...
2023-09-26 00:15:36 INFO  SpringContextShutdownHook com.alibaba.druid.pool.DruidDataSource {dataSource-1} closed
2023-09-26 00:15:42 INFO  background-preinit org.hibernate.validator.internal.util.Version HV000001: Hibernate Validator 6.1.7.Final
2023-09-26 00:15:42 INFO  main kf.lucky.main.Main Starting Main using Java 1.8.0_121 on Firstsnow with PID 11980 (K:\.Firstsnow\apache-maven-3.9.1\AProject\kf-lucky\target\classes started by ZH280 in K:\.Firstsnow\apache-maven-3.9.1\AProject\kf-lucky)
2023-09-26 00:15:42 INFO  main kf.lucky.main.Main The following profiles are active: dev
2023-09-26 00:15:42 INFO  main org.springframework.data.repository.config.RepositoryConfigurationDelegate Bootstrapping Spring Data JDBC repositories in DEFAULT mode.
2023-09-26 00:15:42 INFO  main org.springframework.data.repository.config.RepositoryConfigurationDelegate Finished Spring Data repository scanning in 8 ms. Found 0 JDBC repository interfaces.
2023-09-26 00:15:43 INFO  main org.springframework.boot.web.embedded.tomcat.TomcatWebServer Tomcat initialized with port(s): 8011 (http)
2023-09-26 00:15:43 INFO  main org.apache.coyote.http11.Http11NioProtocol Initializing ProtocolHandler ["http-nio-8011"]
2023-09-26 00:15:43 INFO  main org.apache.catalina.core.StandardService Starting service [Tomcat]
2023-09-26 00:15:43 INFO  main org.apache.catalina.core.StandardEngine Starting Servlet engine: [Apache Tomcat/9.0.55]
2023-09-26 00:15:43 INFO  main org.apache.catalina.core.AprLifecycleListener An older version [1.2.26] of the Apache Tomcat Native library is installed, while Tomcat recommends a minimum version of [1.2.30]
2023-09-26 00:15:43 INFO  main org.apache.catalina.core.AprLifecycleListener Loaded Apache Tomcat Native library [1.2.26] using APR version [1.7.0].
2023-09-26 00:15:43 INFO  main org.apache.catalina.core.AprLifecycleListener APR capabilities: IPv6 [true], sendfile [true], accept filters [false], random [true], UDS [true].
2023-09-26 00:15:43 INFO  main org.apache.catalina.core.AprLifecycleListener APR/OpenSSL configuration: useAprConnector [false], useOpenSSL [true]
2023-09-26 00:15:43 INFO  main org.apache.catalina.core.AprLifecycleListener OpenSSL successfully initialized [OpenSSL 1.1.1i  8 Dec 2020]
2023-09-26 00:15:43 INFO  main org.apache.catalina.core.ContainerBase.[Tomcat].[localhost].[/] Initializing Spring embedded WebApplicationContext
2023-09-26 00:15:43 INFO  main org.springframework.boot.web.servlet.context.ServletWebServerApplicationContext Root WebApplicationContext: initialization completed in 944 ms
2023-09-26 00:15:43 INFO  main com.alibaba.druid.spring.boot.autoconfigure.DruidDataSourceAutoConfigure Init DruidDataSource
2023-09-26 00:15:43 INFO  main com.alibaba.druid.pool.DruidDataSource {dataSource-1} inited
2023-09-26 00:15:43 INFO  main org.springframework.boot.autoconfigure.web.servlet.WelcomePageHandlerMapping Adding welcome page: class path resource [static/index.html]
2023-09-26 00:15:44 INFO  main org.apache.coyote.http11.Http11NioProtocol Starting ProtocolHandler ["http-nio-8011"]
2023-09-26 00:15:44 INFO  main org.springframework.boot.web.embedded.tomcat.TomcatWebServer Tomcat started on port(s): 8011 (http) with context path ''
2023-09-26 00:15:44 INFO  main kf.lucky.main.Main Started Main in 2.315 seconds (JVM running for 3.033)
2023-09-26 00:16:01 INFO  http-nio-8011-exec-2 org.apache.catalina.core.ContainerBase.[Tomcat].[localhost].[/] Initializing Spring DispatcherServlet 'dispatcherServlet'
2023-09-26 00:16:01 INFO  http-nio-8011-exec-2 org.springframework.web.servlet.DispatcherServlet Initializing Servlet 'dispatcherServlet'
2023-09-26 00:16:01 INFO  http-nio-8011-exec-2 org.springframework.web.servlet.DispatcherServlet Completed initialization in 2 ms
2023-09-26 00:16:53 INFO  SpringContextShutdownHook com.alibaba.druid.pool.DruidDataSource {dataSource-1} closing ...
2023-09-26 00:16:53 INFO  SpringContextShutdownHook com.alibaba.druid.pool.DruidDataSource {dataSource-1} closed
2023-09-26 00:17:01 INFO  background-preinit org.hibernate.validator.internal.util.Version HV000001: Hibernate Validator 6.1.7.Final
2023-09-26 00:17:01 INFO  main kf.lucky.main.Main Starting Main using Java 1.8.0_121 on Firstsnow with PID 21732 (K:\.Firstsnow\apache-maven-3.9.1\AProject\kf-lucky\target\classes started by ZH280 in K:\.Firstsnow\apache-maven-3.9.1\AProject\kf-lucky)
2023-09-26 00:17:01 INFO  main kf.lucky.main.Main The following profiles are active: dev
2023-09-26 00:17:01 INFO  main org.springframework.data.repository.config.RepositoryConfigurationDelegate Bootstrapping Spring Data JDBC repositories in DEFAULT mode.
2023-09-26 00:17:01 INFO  main org.springframework.data.repository.config.RepositoryConfigurationDelegate Finished Spring Data repository scanning in 9 ms. Found 0 JDBC repository interfaces.
2023-09-26 00:17:02 INFO  main org.springframework.boot.web.embedded.tomcat.TomcatWebServer Tomcat initialized with port(s): 8011 (http)
2023-09-26 00:17:02 INFO  main org.apache.coyote.http11.Http11NioProtocol Initializing ProtocolHandler ["http-nio-8011"]
2023-09-26 00:17:02 INFO  main org.apache.catalina.core.StandardService Starting service [Tomcat]
2023-09-26 00:17:02 INFO  main org.apache.catalina.core.StandardEngine Starting Servlet engine: [Apache Tomcat/9.0.55]
2023-09-26 00:17:02 INFO  main org.apache.catalina.core.AprLifecycleListener An older version [1.2.26] of the Apache Tomcat Native library is installed, while Tomcat recommends a minimum version of [1.2.30]
2023-09-26 00:17:02 INFO  main org.apache.catalina.core.AprLifecycleListener Loaded Apache Tomcat Native library [1.2.26] using APR version [1.7.0].
2023-09-26 00:17:02 INFO  main org.apache.catalina.core.AprLifecycleListener APR capabilities: IPv6 [true], sendfile [true], accept filters [false], random [true], UDS [true].
2023-09-26 00:17:02 INFO  main org.apache.catalina.core.AprLifecycleListener APR/OpenSSL configuration: useAprConnector [false], useOpenSSL [true]
2023-09-26 00:17:02 INFO  main org.apache.catalina.core.AprLifecycleListener OpenSSL successfully initialized [OpenSSL 1.1.1i  8 Dec 2020]
2023-09-26 00:17:02 INFO  main org.apache.catalina.core.ContainerBase.[Tomcat].[localhost].[/] Initializing Spring embedded WebApplicationContext
2023-09-26 00:17:02 INFO  main org.springframework.boot.web.servlet.context.ServletWebServerApplicationContext Root WebApplicationContext: initialization completed in 962 ms
2023-09-26 00:17:02 INFO  main com.alibaba.druid.spring.boot.autoconfigure.DruidDataSourceAutoConfigure Init DruidDataSource
2023-09-26 00:17:02 INFO  main com.alibaba.druid.pool.DruidDataSource {dataSource-1} inited
2023-09-26 00:17:02 INFO  main org.springframework.boot.autoconfigure.web.servlet.WelcomePageHandlerMapping Adding welcome page: class path resource [static/index.html]
2023-09-26 00:17:03 INFO  main org.apache.coyote.http11.Http11NioProtocol Starting ProtocolHandler ["http-nio-8011"]
2023-09-26 00:17:03 INFO  main org.springframework.boot.web.embedded.tomcat.TomcatWebServer Tomcat started on port(s): 8011 (http) with context path ''
2023-09-26 00:17:03 INFO  main kf.lucky.main.Main Started Main in 3.082 seconds (JVM running for 4.076)
2023-09-26 00:17:12 INFO  http-nio-8011-exec-1 org.apache.catalina.core.ContainerBase.[Tomcat].[localhost].[/] Initializing Spring DispatcherServlet 'dispatcherServlet'
2023-09-26 00:17:12 INFO  http-nio-8011-exec-1 org.springframework.web.servlet.DispatcherServlet Initializing Servlet 'dispatcherServlet'
2023-09-26 00:17:12 INFO  http-nio-8011-exec-1 org.springframework.web.servlet.DispatcherServlet Completed initialization in 0 ms
2023-09-26 00:19:42 INFO  SpringContextShutdownHook com.alibaba.druid.pool.DruidDataSource {dataSource-1} closing ...
2023-09-26 00:19:43 INFO  SpringContextShutdownHook com.alibaba.druid.pool.DruidDataSource {dataSource-1} closed
2023-09-26 00:19:49 INFO  background-preinit org.hibernate.validator.internal.util.Version HV000001: Hibernate Validator 6.1.7.Final
2023-09-26 00:19:49 INFO  main kf.lucky.main.Main Starting Main using Java 1.8.0_121 on Firstsnow with PID 10916 (K:\.Firstsnow\apache-maven-3.9.1\AProject\kf-lucky\target\classes started by ZH280 in K:\.Firstsnow\apache-maven-3.9.1\AProject\kf-lucky)
2023-09-26 00:19:49 INFO  main kf.lucky.main.Main The following profiles are active: dev
2023-09-26 00:19:49 INFO  main org.springframework.data.repository.config.RepositoryConfigurationDelegate Bootstrapping Spring Data JDBC repositories in DEFAULT mode.
2023-09-26 00:19:49 INFO  main org.springframework.data.repository.config.RepositoryConfigurationDelegate Finished Spring Data repository scanning in 7 ms. Found 0 JDBC repository interfaces.
2023-09-26 00:19:49 INFO  main org.springframework.boot.web.embedded.tomcat.TomcatWebServer Tomcat initialized with port(s): 8011 (http)
2023-09-26 00:19:49 INFO  main org.apache.coyote.http11.Http11NioProtocol Initializing ProtocolHandler ["http-nio-8011"]
2023-09-26 00:19:49 INFO  main org.apache.catalina.core.StandardService Starting service [Tomcat]
2023-09-26 00:19:49 INFO  main org.apache.catalina.core.StandardEngine Starting Servlet engine: [Apache Tomcat/9.0.55]
2023-09-26 00:19:49 INFO  main org.apache.catalina.core.AprLifecycleListener An older version [1.2.26] of the Apache Tomcat Native library is installed, while Tomcat recommends a minimum version of [1.2.30]
2023-09-26 00:19:50 INFO  main org.apache.catalina.core.AprLifecycleListener Loaded Apache Tomcat Native library [1.2.26] using APR version [1.7.0].
2023-09-26 00:19:50 INFO  main org.apache.catalina.core.AprLifecycleListener APR capabilities: IPv6 [true], sendfile [true], accept filters [false], random [true], UDS [true].
2023-09-26 00:19:50 INFO  main org.apache.catalina.core.AprLifecycleListener APR/OpenSSL configuration: useAprConnector [false], useOpenSSL [true]
2023-09-26 00:19:50 INFO  main org.apache.catalina.core.AprLifecycleListener OpenSSL successfully initialized [OpenSSL 1.1.1i  8 Dec 2020]
2023-09-26 00:19:50 INFO  main org.apache.catalina.core.ContainerBase.[Tomcat].[localhost].[/] Initializing Spring embedded WebApplicationContext
2023-09-26 00:19:50 INFO  main org.springframework.boot.web.servlet.context.ServletWebServerApplicationContext Root WebApplicationContext: initialization completed in 866 ms
2023-09-26 00:19:50 INFO  main com.alibaba.druid.spring.boot.autoconfigure.DruidDataSourceAutoConfigure Init DruidDataSource
2023-09-26 00:19:50 INFO  main com.alibaba.druid.pool.DruidDataSource {dataSource-1} inited
2023-09-26 00:19:50 INFO  main org.springframework.boot.autoconfigure.web.servlet.WelcomePageHandlerMapping Adding welcome page: class path resource [static/index.html]
2023-09-26 00:19:50 INFO  main org.apache.coyote.http11.Http11NioProtocol Starting ProtocolHandler ["http-nio-8011"]
2023-09-26 00:19:50 INFO  main org.springframework.boot.web.embedded.tomcat.TomcatWebServer Tomcat started on port(s): 8011 (http) with context path ''
2023-09-26 00:19:50 INFO  main kf.lucky.main.Main Started Main in 2.139 seconds (JVM running for 2.863)
2023-09-26 00:19:56 INFO  http-nio-8011-exec-1 org.apache.catalina.core.ContainerBase.[Tomcat].[localhost].[/] Initializing Spring DispatcherServlet 'dispatcherServlet'
2023-09-26 00:19:56 INFO  http-nio-8011-exec-1 org.springframework.web.servlet.DispatcherServlet Initializing Servlet 'dispatcherServlet'
2023-09-26 00:19:56 INFO  http-nio-8011-exec-1 org.springframework.web.servlet.DispatcherServlet Completed initialization in 1 ms
2023-09-26 00:20:37 INFO  SpringContextShutdownHook com.alibaba.druid.pool.DruidDataSource {dataSource-1} closing ...
2023-09-26 00:20:37 INFO  SpringContextShutdownHook com.alibaba.druid.pool.DruidDataSource {dataSource-1} closed
2023-09-26 00:20:44 INFO  main kf.lucky.main.Main Starting Main using Java 1.8.0_121 on Firstsnow with PID 22992 (K:\.Firstsnow\apache-maven-3.9.1\AProject\kf-lucky\target\classes started by ZH280 in K:\.Firstsnow\apache-maven-3.9.1\AProject\kf-lucky)
2023-09-26 00:20:44 INFO  background-preinit org.hibernate.validator.internal.util.Version HV000001: Hibernate Validator 6.1.7.Final
2023-09-26 00:20:44 INFO  main kf.lucky.main.Main The following profiles are active: dev
2023-09-26 00:20:44 INFO  main org.springframework.data.repository.config.RepositoryConfigurationDelegate Bootstrapping Spring Data JDBC repositories in DEFAULT mode.
2023-09-26 00:20:44 INFO  main org.springframework.data.repository.config.RepositoryConfigurationDelegate Finished Spring Data repository scanning in 8 ms. Found 0 JDBC repository interfaces.
2023-09-26 00:20:45 INFO  main org.springframework.boot.web.embedded.tomcat.TomcatWebServer Tomcat initialized with port(s): 8011 (http)
2023-09-26 00:20:45 INFO  main org.apache.coyote.http11.Http11NioProtocol Initializing ProtocolHandler ["http-nio-8011"]
2023-09-26 00:20:45 INFO  main org.apache.catalina.core.StandardService Starting service [Tomcat]
2023-09-26 00:20:45 INFO  main org.apache.catalina.core.StandardEngine Starting Servlet engine: [Apache Tomcat/9.0.55]
2023-09-26 00:20:45 INFO  main org.apache.catalina.core.AprLifecycleListener An older version [1.2.26] of the Apache Tomcat Native library is installed, while Tomcat recommends a minimum version of [1.2.30]
2023-09-26 00:20:45 INFO  main org.apache.catalina.core.AprLifecycleListener Loaded Apache Tomcat Native library [1.2.26] using APR version [1.7.0].
2023-09-26 00:20:45 INFO  main org.apache.catalina.core.AprLifecycleListener APR capabilities: IPv6 [true], sendfile [true], accept filters [false], random [true], UDS [true].
2023-09-26 00:20:45 INFO  main org.apache.catalina.core.AprLifecycleListener APR/OpenSSL configuration: useAprConnector [false], useOpenSSL [true]
2023-09-26 00:20:45 INFO  main org.apache.catalina.core.AprLifecycleListener OpenSSL successfully initialized [OpenSSL 1.1.1i  8 Dec 2020]
2023-09-26 00:20:45 INFO  main org.apache.catalina.core.ContainerBase.[Tomcat].[localhost].[/] Initializing Spring embedded WebApplicationContext
2023-09-26 00:20:45 INFO  main org.springframework.boot.web.servlet.context.ServletWebServerApplicationContext Root WebApplicationContext: initialization completed in 968 ms
2023-09-26 00:20:45 INFO  main com.alibaba.druid.spring.boot.autoconfigure.DruidDataSourceAutoConfigure Init DruidDataSource
2023-09-26 00:20:45 INFO  main com.alibaba.druid.pool.DruidDataSource {dataSource-1} inited
2023-09-26 00:20:45 INFO  main org.springframework.boot.autoconfigure.web.servlet.WelcomePageHandlerMapping Adding welcome page: class path resource [static/index.html]
2023-09-26 00:20:46 INFO  main org.apache.coyote.http11.Http11NioProtocol Starting ProtocolHandler ["http-nio-8011"]
2023-09-26 00:20:46 INFO  main org.springframework.boot.web.embedded.tomcat.TomcatWebServer Tomcat started on port(s): 8011 (http) with context path ''
2023-09-26 00:20:46 INFO  main kf.lucky.main.Main Started Main in 2.282 seconds (JVM running for 3.047)
2023-09-26 00:20:53 INFO  http-nio-8011-exec-1 org.apache.catalina.core.ContainerBase.[Tomcat].[localhost].[/] Initializing Spring DispatcherServlet 'dispatcherServlet'
2023-09-26 00:20:53 INFO  http-nio-8011-exec-1 org.springframework.web.servlet.DispatcherServlet Initializing Servlet 'dispatcherServlet'
2023-09-26 00:20:53 INFO  http-nio-8011-exec-1 org.springframework.web.servlet.DispatcherServlet Completed initialization in 1 ms
2023-09-26 00:21:58 INFO  SpringContextShutdownHook com.alibaba.druid.pool.DruidDataSource {dataSource-1} closing ...
2023-09-26 00:21:58 INFO  SpringContextShutdownHook com.alibaba.druid.pool.DruidDataSource {dataSource-1} closed
2023-09-26 00:22:05 INFO  background-preinit org.hibernate.validator.internal.util.Version HV000001: Hibernate Validator 6.1.7.Final
2023-09-26 00:22:05 INFO  main kf.lucky.main.Main Starting Main using Java 1.8.0_121 on Firstsnow with PID 2904 (K:\.Firstsnow\apache-maven-3.9.1\AProject\kf-lucky\target\classes started by ZH280 in K:\.Firstsnow\apache-maven-3.9.1\AProject\kf-lucky)
2023-09-26 00:22:05 INFO  main kf.lucky.main.Main The following profiles are active: dev
2023-09-26 00:22:05 INFO  main org.springframework.data.repository.config.RepositoryConfigurationDelegate Bootstrapping Spring Data JDBC repositories in DEFAULT mode.
2023-09-26 00:22:05 INFO  main org.springframework.data.repository.config.RepositoryConfigurationDelegate Finished Spring Data repository scanning in 9 ms. Found 0 JDBC repository interfaces.
2023-09-26 00:22:05 INFO  main org.springframework.boot.web.embedded.tomcat.TomcatWebServer Tomcat initialized with port(s): 8011 (http)
2023-09-26 00:22:05 INFO  main org.apache.coyote.http11.Http11NioProtocol Initializing ProtocolHandler ["http-nio-8011"]
2023-09-26 00:22:05 INFO  main org.apache.catalina.core.StandardService Starting service [Tomcat]
2023-09-26 00:22:05 INFO  main org.apache.catalina.core.StandardEngine Starting Servlet engine: [Apache Tomcat/9.0.55]
2023-09-26 00:22:05 INFO  main org.apache.catalina.core.AprLifecycleListener An older version [1.2.26] of the Apache Tomcat Native library is installed, while Tomcat recommends a minimum version of [1.2.30]
2023-09-26 00:22:05 INFO  main org.apache.catalina.core.AprLifecycleListener Loaded Apache Tomcat Native library [1.2.26] using APR version [1.7.0].
2023-09-26 00:22:05 INFO  main org.apache.catalina.core.AprLifecycleListener APR capabilities: IPv6 [true], sendfile [true], accept filters [false], random [true], UDS [true].
2023-09-26 00:22:05 INFO  main org.apache.catalina.core.AprLifecycleListener APR/OpenSSL configuration: useAprConnector [false], useOpenSSL [true]
2023-09-26 00:22:06 INFO  main org.apache.catalina.core.AprLifecycleListener OpenSSL successfully initialized [OpenSSL 1.1.1i  8 Dec 2020]
2023-09-26 00:22:06 INFO  main org.apache.catalina.core.ContainerBase.[Tomcat].[localhost].[/] Initializing Spring embedded WebApplicationContext
2023-09-26 00:22:06 INFO  main org.springframework.boot.web.servlet.context.ServletWebServerApplicationContext Root WebApplicationContext: initialization completed in 890 ms
2023-09-26 00:22:06 INFO  main com.alibaba.druid.spring.boot.autoconfigure.DruidDataSourceAutoConfigure Init DruidDataSource
2023-09-26 00:22:06 INFO  main com.alibaba.druid.pool.DruidDataSource {dataSource-1} inited
2023-09-26 00:22:06 INFO  main org.springframework.boot.autoconfigure.web.servlet.WelcomePageHandlerMapping Adding welcome page: class path resource [static/index.html]
2023-09-26 00:22:06 INFO  main org.apache.coyote.http11.Http11NioProtocol Starting ProtocolHandler ["http-nio-8011"]
2023-09-26 00:22:06 INFO  main org.springframework.boot.web.embedded.tomcat.TomcatWebServer Tomcat started on port(s): 8011 (http) with context path ''
2023-09-26 00:22:06 INFO  main kf.lucky.main.Main Started Main in 2.163 seconds (JVM running for 2.985)
2023-09-26 00:22:09 INFO  http-nio-8011-exec-1 org.apache.catalina.core.ContainerBase.[Tomcat].[localhost].[/] Initializing Spring DispatcherServlet 'dispatcherServlet'
2023-09-26 00:22:09 INFO  http-nio-8011-exec-1 org.springframework.web.servlet.DispatcherServlet Initializing Servlet 'dispatcherServlet'
2023-09-26 00:22:09 INFO  http-nio-8011-exec-1 org.springframework.web.servlet.DispatcherServlet Completed initialization in 1 ms
2023-09-26 00:23:59 INFO  SpringContextShutdownHook com.alibaba.druid.pool.DruidDataSource {dataSource-1} closing ...
2023-09-26 00:23:59 INFO  SpringContextShutdownHook com.alibaba.druid.pool.DruidDataSource {dataSource-1} closed
2023-09-26 00:24:05 INFO  main kf.lucky.main.Main Starting Main using Java 1.8.0_121 on Firstsnow with PID 2440 (K:\.Firstsnow\apache-maven-3.9.1\AProject\kf-lucky\target\classes started by ZH280 in K:\.Firstsnow\apache-maven-3.9.1\AProject\kf-lucky)
2023-09-26 00:24:05 INFO  main kf.lucky.main.Main The following profiles are active: dev
2023-09-26 00:24:05 INFO  background-preinit org.hibernate.validator.internal.util.Version HV000001: Hibernate Validator 6.1.7.Final
2023-09-26 00:24:06 INFO  main org.springframework.data.repository.config.RepositoryConfigurationDelegate Bootstrapping Spring Data JDBC repositories in DEFAULT mode.
2023-09-26 00:24:06 INFO  main org.springframework.data.repository.config.RepositoryConfigurationDelegate Finished Spring Data repository scanning in 10 ms. Found 0 JDBC repository interfaces.
2023-09-26 00:24:06 INFO  main org.springframework.boot.web.embedded.tomcat.TomcatWebServer Tomcat initialized with port(s): 8011 (http)
2023-09-26 00:24:06 INFO  main org.apache.coyote.http11.Http11NioProtocol Initializing ProtocolHandler ["http-nio-8011"]
2023-09-26 00:24:06 INFO  main org.apache.catalina.core.StandardService Starting service [Tomcat]
2023-09-26 00:24:06 INFO  main org.apache.catalina.core.StandardEngine Starting Servlet engine: [Apache Tomcat/9.0.55]
2023-09-26 00:24:06 INFO  main org.apache.catalina.core.AprLifecycleListener An older version [1.2.26] of the Apache Tomcat Native library is installed, while Tomcat recommends a minimum version of [1.2.30]
2023-09-26 00:24:06 INFO  main org.apache.catalina.core.AprLifecycleListener Loaded Apache Tomcat Native library [1.2.26] using APR version [1.7.0].
2023-09-26 00:24:06 INFO  main org.apache.catalina.core.AprLifecycleListener APR capabilities: IPv6 [true], sendfile [true], accept filters [false], random [true], UDS [true].
2023-09-26 00:24:06 INFO  main org.apache.catalina.core.AprLifecycleListener APR/OpenSSL configuration: useAprConnector [false], useOpenSSL [true]
2023-09-26 00:24:06 INFO  main org.apache.catalina.core.AprLifecycleListener OpenSSL successfully initialized [OpenSSL 1.1.1i  8 Dec 2020]
2023-09-26 00:24:06 INFO  main org.apache.catalina.core.ContainerBase.[Tomcat].[localhost].[/] Initializing Spring embedded WebApplicationContext
2023-09-26 00:24:06 INFO  main org.springframework.boot.web.servlet.context.ServletWebServerApplicationContext Root WebApplicationContext: initialization completed in 1004 ms
2023-09-26 00:24:07 INFO  main com.alibaba.druid.spring.boot.autoconfigure.DruidDataSourceAutoConfigure Init DruidDataSource
2023-09-26 00:24:07 INFO  main com.alibaba.druid.pool.DruidDataSource {dataSource-1} inited
2023-09-26 00:24:07 INFO  main org.springframework.boot.autoconfigure.web.servlet.WelcomePageHandlerMapping Adding welcome page: class path resource [static/index.html]
2023-09-26 00:24:07 INFO  main org.apache.coyote.http11.Http11NioProtocol Starting ProtocolHandler ["http-nio-8011"]
2023-09-26 00:24:07 INFO  main org.springframework.boot.web.embedded.tomcat.TomcatWebServer Tomcat started on port(s): 8011 (http) with context path ''
2023-09-26 00:24:07 INFO  main kf.lucky.main.Main Started Main in 2.373 seconds (JVM running for 3.131)
2023-09-26 00:24:11 INFO  http-nio-8011-exec-1 org.apache.catalina.core.ContainerBase.[Tomcat].[localhost].[/] Initializing Spring DispatcherServlet 'dispatcherServlet'
2023-09-26 00:24:11 INFO  http-nio-8011-exec-1 org.springframework.web.servlet.DispatcherServlet Initializing Servlet 'dispatcherServlet'
2023-09-26 00:24:11 INFO  http-nio-8011-exec-1 org.springframework.web.servlet.DispatcherServlet Completed initialization in 2 ms
2023-09-26 00:50:32 INFO  SpringContextShutdownHook com.alibaba.druid.pool.DruidDataSource {dataSource-1} closing ...
2023-09-26 00:50:32 INFO  SpringContextShutdownHook com.alibaba.druid.pool.DruidDataSource {dataSource-1} closed
2023-09-26 00:50:42 INFO  main kf.lucky.main.Main Starting Main using Java 1.8.0_121 on Firstsnow with PID 16800 (K:\.Firstsnow\apache-maven-3.9.1\AProject\kf-lucky\target\classes started by ZH280 in K:\.Firstsnow\apache-maven-3.9.1\AProject\kf-lucky)
2023-09-26 00:50:42 INFO  background-preinit org.hibernate.validator.internal.util.Version HV000001: Hibernate Validator 6.1.7.Final
2023-09-26 00:50:42 INFO  main kf.lucky.main.Main The following profiles are active: dev
2023-09-26 00:50:42 INFO  main org.springframework.data.repository.config.RepositoryConfigurationDelegate Bootstrapping Spring Data JDBC repositories in DEFAULT mode.
2023-09-26 00:50:42 INFO  main org.springframework.data.repository.config.RepositoryConfigurationDelegate Finished Spring Data repository scanning in 8 ms. Found 0 JDBC repository interfaces.
2023-09-26 00:50:43 INFO  main org.springframework.boot.web.embedded.tomcat.TomcatWebServer Tomcat initialized with port(s): 8011 (http)
2023-09-26 00:50:43 INFO  main org.apache.coyote.http11.Http11NioProtocol Initializing ProtocolHandler ["http-nio-8011"]
2023-09-26 00:50:43 INFO  main org.apache.catalina.core.StandardService Starting service [Tomcat]
2023-09-26 00:50:43 INFO  main org.apache.catalina.core.StandardEngine Starting Servlet engine: [Apache Tomcat/9.0.55]
2023-09-26 00:50:43 INFO  main org.apache.catalina.core.AprLifecycleListener An older version [1.2.26] of the Apache Tomcat Native library is installed, while Tomcat recommends a minimum version of [1.2.30]
2023-09-26 00:50:43 INFO  main org.apache.catalina.core.AprLifecycleListener Loaded Apache Tomcat Native library [1.2.26] using APR version [1.7.0].
2023-09-26 00:50:43 INFO  main org.apache.catalina.core.AprLifecycleListener APR capabilities: IPv6 [true], sendfile [true], accept filters [false], random [true], UDS [true].
2023-09-26 00:50:43 INFO  main org.apache.catalina.core.AprLifecycleListener APR/OpenSSL configuration: useAprConnector [false], useOpenSSL [true]
2023-09-26 00:50:43 INFO  main org.apache.catalina.core.AprLifecycleListener OpenSSL successfully initialized [OpenSSL 1.1.1i  8 Dec 2020]
2023-09-26 00:50:43 INFO  main org.apache.catalina.core.ContainerBase.[Tomcat].[localhost].[/] Initializing Spring embedded WebApplicationContext
2023-09-26 00:50:43 INFO  main org.springframework.boot.web.servlet.context.ServletWebServerApplicationContext Root WebApplicationContext: initialization completed in 1054 ms
2023-09-26 00:50:43 INFO  main com.alibaba.druid.spring.boot.autoconfigure.DruidDataSourceAutoConfigure Init DruidDataSource
2023-09-26 00:50:43 INFO  main com.alibaba.druid.pool.DruidDataSource {dataSource-1} inited
2023-09-26 00:50:44 INFO  main org.springframework.boot.autoconfigure.web.servlet.WelcomePageHandlerMapping Adding welcome page: class path resource [static/index.html]
2023-09-26 00:50:44 INFO  main org.apache.coyote.http11.Http11NioProtocol Starting ProtocolHandler ["http-nio-8011"]
2023-09-26 00:50:44 INFO  main org.springframework.boot.web.embedded.tomcat.TomcatWebServer Tomcat started on port(s): 8011 (http) with context path ''
2023-09-26 00:50:44 INFO  main kf.lucky.main.Main Started Main in 2.724 seconds (JVM running for 3.642)
2023-09-26 00:50:44 INFO  http-nio-8011-exec-1 org.apache.catalina.core.ContainerBase.[Tomcat].[localhost].[/] Initializing Spring DispatcherServlet 'dispatcherServlet'
2023-09-26 00:50:44 INFO  http-nio-8011-exec-1 org.springframework.web.servlet.DispatcherServlet Initializing Servlet 'dispatcherServlet'
2023-09-26 00:50:44 INFO  http-nio-8011-exec-1 org.springframework.web.servlet.DispatcherServlet Completed initialization in 0 ms
2023-09-26 01:00:46 INFO  SpringContextShutdownHook com.alibaba.druid.pool.DruidDataSource {dataSource-1} closing ...
2023-09-26 01:00:46 INFO  SpringContextShutdownHook com.alibaba.druid.pool.DruidDataSource {dataSource-1} closed
2023-09-26 01:00:56 INFO  main kf.lucky.main.Main Starting Main using Java 1.8.0_121 on Firstsnow with PID 4128 (K:\.Firstsnow\apache-maven-3.9.1\AProject\kf-lucky\target\classes started by ZH280 in K:\.Firstsnow\apache-maven-3.9.1\AProject\kf-lucky)
2023-09-26 01:00:56 INFO  background-preinit org.hibernate.validator.internal.util.Version HV000001: Hibernate Validator 6.1.7.Final
2023-09-26 01:00:56 INFO  main kf.lucky.main.Main The following profiles are active: dev
2023-09-26 01:00:57 INFO  main org.springframework.data.repository.config.RepositoryConfigurationDelegate Bootstrapping Spring Data JDBC repositories in DEFAULT mode.
2023-09-26 01:00:57 INFO  main org.springframework.data.repository.config.RepositoryConfigurationDelegate Finished Spring Data repository scanning in 9 ms. Found 0 JDBC repository interfaces.
2023-09-26 01:00:57 INFO  main org.springframework.boot.web.embedded.tomcat.TomcatWebServer Tomcat initialized with port(s): 8011 (http)
2023-09-26 01:00:57 INFO  main org.apache.coyote.http11.Http11NioProtocol Initializing ProtocolHandler ["http-nio-8011"]
2023-09-26 01:00:57 INFO  main org.apache.catalina.core.StandardService Starting service [Tomcat]
2023-09-26 01:00:57 INFO  main org.apache.catalina.core.StandardEngine Starting Servlet engine: [Apache Tomcat/9.0.55]
2023-09-26 01:00:57 INFO  main org.apache.catalina.core.AprLifecycleListener An older version [1.2.26] of the Apache Tomcat Native library is installed, while Tomcat recommends a minimum version of [1.2.30]
2023-09-26 01:00:57 INFO  main org.apache.catalina.core.AprLifecycleListener Loaded Apache Tomcat Native library [1.2.26] using APR version [1.7.0].
2023-09-26 01:00:57 INFO  main org.apache.catalina.core.AprLifecycleListener APR capabilities: IPv6 [true], sendfile [true], accept filters [false], random [true], UDS [true].
2023-09-26 01:00:57 INFO  main org.apache.catalina.core.AprLifecycleListener APR/OpenSSL configuration: useAprConnector [false], useOpenSSL [true]
2023-09-26 01:00:57 INFO  main org.apache.catalina.core.AprLifecycleListener OpenSSL successfully initialized [OpenSSL 1.1.1i  8 Dec 2020]
2023-09-26 01:00:57 INFO  main org.apache.catalina.core.ContainerBase.[Tomcat].[localhost].[/] Initializing Spring embedded WebApplicationContext
2023-09-26 01:00:57 INFO  main org.springframework.boot.web.servlet.context.ServletWebServerApplicationContext Root WebApplicationContext: initialization completed in 903 ms
2023-09-26 01:00:57 INFO  main com.alibaba.druid.spring.boot.autoconfigure.DruidDataSourceAutoConfigure Init DruidDataSource
2023-09-26 01:00:57 INFO  main com.alibaba.druid.pool.DruidDataSource {dataSource-1} inited
2023-09-26 01:00:58 INFO  main org.springframework.boot.autoconfigure.web.servlet.WelcomePageHandlerMapping Adding welcome page: class path resource [static/index.html]
2023-09-26 01:00:58 INFO  main org.apache.coyote.http11.Http11NioProtocol Starting ProtocolHandler ["http-nio-8011"]
2023-09-26 01:00:58 INFO  main org.springframework.boot.web.embedded.tomcat.TomcatWebServer Tomcat started on port(s): 8011 (http) with context path ''
2023-09-26 01:00:58 INFO  main kf.lucky.main.Main Started Main in 2.223 seconds (JVM running for 2.968)
2023-09-26 01:01:03 INFO  http-nio-8011-exec-1 org.apache.catalina.core.ContainerBase.[Tomcat].[localhost].[/] Initializing Spring DispatcherServlet 'dispatcherServlet'
2023-09-26 01:01:03 INFO  http-nio-8011-exec-1 org.springframework.web.servlet.DispatcherServlet Initializing Servlet 'dispatcherServlet'
2023-09-26 01:01:03 INFO  http-nio-8011-exec-1 org.springframework.web.servlet.DispatcherServlet Completed initialization in 0 ms
2023-09-26 01:37:08 INFO  SpringContextShutdownHook com.alibaba.druid.pool.DruidDataSource {dataSource-1} closing ...
2023-09-26 01:37:08 INFO  SpringContextShutdownHook com.alibaba.druid.pool.DruidDataSource {dataSource-1} closed
2023-09-26 01:37:18 INFO  main kf.lucky.main.Main Starting Main using Java 1.8.0_121 on Firstsnow with PID 27124 (K:\.Firstsnow\apache-maven-3.9.1\AProject\kf-lucky\target\classes started by ZH280 in K:\.Firstsnow\apache-maven-3.9.1\AProject\kf-lucky)
2023-09-26 01:37:18 INFO  main kf.lucky.main.Main The following profiles are active: dev
2023-09-26 01:37:18 INFO  background-preinit org.hibernate.validator.internal.util.Version HV000001: Hibernate Validator 6.1.7.Final
2023-09-26 01:37:19 INFO  main org.springframework.data.repository.config.RepositoryConfigurationDelegate Bootstrapping Spring Data JDBC repositories in DEFAULT mode.
2023-09-26 01:37:19 INFO  main org.springframework.data.repository.config.RepositoryConfigurationDelegate Finished Spring Data repository scanning in 10 ms. Found 0 JDBC repository interfaces.
2023-09-26 01:37:19 INFO  main org.springframework.boot.web.embedded.tomcat.TomcatWebServer Tomcat initialized with port(s): 8011 (http)
2023-09-26 01:37:19 INFO  main org.apache.coyote.http11.Http11NioProtocol Initializing ProtocolHandler ["http-nio-8011"]
2023-09-26 01:37:19 INFO  main org.apache.catalina.core.StandardService Starting service [Tomcat]
2023-09-26 01:37:19 INFO  main org.apache.catalina.core.StandardEngine Starting Servlet engine: [Apache Tomcat/9.0.55]
2023-09-26 01:37:19 INFO  main org.apache.catalina.core.AprLifecycleListener An older version [1.2.26] of the Apache Tomcat Native library is installed, while Tomcat recommends a minimum version of [1.2.30]
2023-09-26 01:37:19 INFO  main org.apache.catalina.core.AprLifecycleListener Loaded Apache Tomcat Native library [1.2.26] using APR version [1.7.0].
2023-09-26 01:37:19 INFO  main org.apache.catalina.core.AprLifecycleListener APR capabilities: IPv6 [true], sendfile [true], accept filters [false], random [true], UDS [true].
2023-09-26 01:37:19 INFO  main org.apache.catalina.core.AprLifecycleListener APR/OpenSSL configuration: useAprConnector [false], useOpenSSL [true]
2023-09-26 01:37:19 INFO  main org.apache.catalina.core.AprLifecycleListener OpenSSL successfully initialized [OpenSSL 1.1.1i  8 Dec 2020]
2023-09-26 01:37:19 INFO  main org.apache.catalina.core.ContainerBase.[Tomcat].[localhost].[/] Initializing Spring embedded WebApplicationContext
2023-09-26 01:37:19 INFO  main org.springframework.boot.web.servlet.context.ServletWebServerApplicationContext Root WebApplicationContext: initialization completed in 1053 ms
2023-09-26 01:37:20 INFO  main com.alibaba.druid.spring.boot.autoconfigure.DruidDataSourceAutoConfigure Init DruidDataSource
2023-09-26 01:37:20 INFO  main com.alibaba.druid.pool.DruidDataSource {dataSource-1} inited
2023-09-26 01:37:20 INFO  main org.springframework.boot.autoconfigure.web.servlet.WelcomePageHandlerMapping Adding welcome page: class path resource [static/index.html]
2023-09-26 01:37:20 INFO  main org.apache.coyote.http11.Http11NioProtocol Starting ProtocolHandler ["http-nio-8011"]
2023-09-26 01:37:20 INFO  main org.springframework.boot.web.embedded.tomcat.TomcatWebServer Tomcat started on port(s): 8011 (http) with context path ''
2023-09-26 01:37:20 INFO  main kf.lucky.main.Main Started Main in 2.552 seconds (JVM running for 5.036)
2023-09-26 01:37:25 INFO  SpringContextShutdownHook com.alibaba.druid.pool.DruidDataSource {dataSource-1} closing ...
2023-09-26 01:37:25 INFO  SpringContextShutdownHook com.alibaba.druid.pool.DruidDataSource {dataSource-1} closed
