2023-09-26 01:44:49 INFO  background-preinit org.hibernate.validator.internal.util.Version HV000001: Hibernate Validator 6.1.7.Final
2023-09-26 01:44:49 INFO  main kf.lucky.main.Main Starting Main v1.0-SNAPSHOT using Java 1.8.0_121 on Firstsnow with PID 28184 (K:\.Firstsnow\apache-maven-3.9.1\AProject\kf-lucky\target\kf-lucky-1.0-SNAPSHOT.jar started by ZH280 in K:\.Firstsnow\apache-maven-3.9.1\AProject\kf-lucky\target)
2023-09-26 01:44:49 INFO  main kf.lucky.main.Main The following profiles are active: dev
2023-09-26 01:44:50 INFO  main org.springframework.data.repository.config.RepositoryConfigurationDelegate Bootstrapping Spring Data JDBC repositories in DEFAULT mode.
2023-09-26 01:44:50 INFO  main org.springframework.data.repository.config.RepositoryConfigurationDelegate Finished Spring Data repository scanning in 5 ms. Found 0 JDBC repository interfaces.
2023-09-26 01:44:50 INFO  main org.springframework.boot.web.embedded.tomcat.TomcatWebServer Tomcat initialized with port(s): 8011 (http)
2023-09-26 01:44:51 INFO  main org.apache.coyote.http11.Http11NioProtocol Initializing ProtocolHandler ["http-nio-8011"]
2023-09-26 01:44:51 INFO  main org.apache.catalina.core.StandardService Starting service [Tomcat]
2023-09-26 01:44:51 INFO  main org.apache.catalina.core.StandardEngine Starting Servlet engine: [Apache Tomcat/9.0.55]
2023-09-26 01:44:51 INFO  main org.apache.catalina.core.AprLifecycleListener An older version [1.2.26] of the Apache Tomcat Native library is installed, while Tomcat recommends a minimum version of [1.2.30]
2023-09-26 01:44:51 INFO  main org.apache.catalina.core.AprLifecycleListener Loaded Apache Tomcat Native library [1.2.26] using APR version [1.7.0].
2023-09-26 01:44:51 INFO  main org.apache.catalina.core.AprLifecycleListener APR capabilities: IPv6 [true], sendfile [true], accept filters [false], random [true], UDS [true].
2023-09-26 01:44:51 INFO  main org.apache.catalina.core.AprLifecycleListener APR/OpenSSL configuration: useAprConnector [false], useOpenSSL [true]
2023-09-26 01:44:51 INFO  main org.apache.catalina.core.AprLifecycleListener OpenSSL successfully initialized [OpenSSL 1.1.1i  8 Dec 2020]
2023-09-26 01:44:51 INFO  main org.apache.catalina.core.ContainerBase.[Tomcat].[localhost].[/] Initializing Spring embedded WebApplicationContext
2023-09-26 01:44:51 INFO  main org.springframework.boot.web.servlet.context.ServletWebServerApplicationContext Root WebApplicationContext: initialization completed in 1493 ms
2023-09-26 01:44:51 INFO  main com.alibaba.druid.spring.boot.autoconfigure.DruidDataSourceAutoConfigure Init DruidDataSource
2023-09-26 01:44:51 INFO  main com.alibaba.druid.pool.DruidDataSource {dataSource-1} inited
2023-09-26 01:44:51 INFO  main org.springframework.boot.autoconfigure.web.servlet.WelcomePageHandlerMapping Adding welcome page: class path resource [static/index.html]
2023-09-26 01:44:52 INFO  main org.apache.coyote.http11.Http11NioProtocol Starting ProtocolHandler ["http-nio-8011"]
2023-09-26 01:44:52 INFO  main org.springframework.boot.web.embedded.tomcat.TomcatWebServer Tomcat started on port(s): 8011 (http) with context path ''
2023-09-26 01:44:52 INFO  main kf.lucky.main.Main Started Main in 3.416 seconds (JVM running for 3.84)
2023-09-26 01:45:05 INFO  http-nio-8011-exec-1 org.apache.catalina.core.ContainerBase.[Tomcat].[localhost].[/] Initializing Spring DispatcherServlet 'dispatcherServlet'
2023-09-26 01:45:05 INFO  http-nio-8011-exec-1 org.springframework.web.servlet.DispatcherServlet Initializing Servlet 'dispatcherServlet'
2023-09-26 01:45:05 INFO  http-nio-8011-exec-1 org.springframework.web.servlet.DispatcherServlet Completed initialization in 1 ms
